<?xml version="1.0" encoding="UTF-8"?>
<!-- Generated by org.testng.reporters.JUnitXMLReporter -->
<testsuite ignored="1" hostname="DESKTOP-8GHCAHI" failures="0" tests="1" name="Default test" time="13.852" errors="0" timestamp="2024-06-27T17:11:09 IST">
  <testcase classname="com.postest.org.pos_assessment.BuyInsuranceTest" name="creatingConsignmentNote" time="5.857"/>
  <testcase classname="com.postest.org.pos_assessment.BuyInsuranceTest" name="verifyBuyInsurance" time="0.0">
    <ignored/>
  </testcase> <!-- verifyBuyInsurance -->
</testsuite> <!-- Default test -->
