<?xml version="1.0" encoding="UTF-8"?>
<!-- Generated by org.testng.reporters.JUnitXMLReporter -->
<testsuite ignored="1" hostname="DESKTOP-8GHCAHI" failures="0" tests="1" name="Provide Methods(failed)" time="13.693" errors="0" timestamp="2024-06-27T18:16:58 IST">
  <testcase classname="com.postest.org.pos_assessment.BuyInsuranceTest" name="creatingConsignmentNote" time="5.904"/>
  <testcase classname="com.postest.org.pos_assessment.BuyInsuranceTest" name="verifyBuyInsurance" time="0.0">
    <ignored/>
  </testcase> <!-- verifyBuyInsurance -->
</testsuite> <!-- Provide Methods(failed) -->
